========================================================================
Gamma certificate (cor:cert) on the graded cell: b<0 iff certified
Gamma>1; Gamma(v) inversion-free for v=R and CG iterates of R.
========================================================================

(1) Rectangle sweep (grid of section D: NX=10, N=24, linear grading)
     nu   Khat      l1c        gap     G(R)   G_cg40  G_cg160  G_cg1000    k1  verdict
  0.250   0.10   0.6025   4.25e-02    0.091    0.726    1.227     3.012    96  CERTIFIED b<0
  0.250   0.20   0.6347   4.48e-02    0.108    0.798    1.262     1.863    76  CERTIFIED b<0
  0.250   0.30   0.6835   4.72e-02    0.120    0.846    1.267     1.418    66  CERTIFIED b<0
  0.333   0.10   0.6114   4.84e-02    0.101    0.748    1.118     2.511   114  CERTIFIED b<0
  0.333   0.20   0.6450   5.09e-02    0.120    0.803    1.172     1.688    87  CERTIFIED b<0
  0.333   0.30   0.6950   5.38e-02    0.135    0.840    1.187     1.488    72  CERTIFIED b<0
  0.417   0.10   0.6164   5.72e-02    0.118    0.770    1.022     1.973   144  CERTIFIED b<0
  0.417   0.20   0.6512   5.95e-02    0.139    0.810    1.067     1.563   114  CERTIFIED b<0
  0.417   0.30   0.7019   6.37e-02    0.158    0.840    1.080     1.436    99  CERTIFIED b<0
  0.455   0.10   0.6158   5.85e-02    0.131    0.794    0.983     1.623   184  CERTIFIED b<0
  0.455   0.20   0.6509   6.32e-02    0.152    0.814    1.010     1.423   148  CERTIFIED b<0
  0.455   0.30   0.7013   7.02e-02    0.174    0.839    1.022     1.314   131  CERTIFIED b<0

(2) Resolution robustness of the certificate (nu=0.417, Khat=0.15)
  NX    N        gap     G(R)  G_cg160  G_cg640  G_cg2000    k1
  10   24   5.83e-02    0.128    1.048    1.691     1.905   127
  12   28   4.53e-02    0.121    0.968    1.470     2.254   191
  14   32   3.51e-02    0.115    0.922    1.292     2.149   242
  16   36   2.81e-02    0.111    0.871    1.181     1.888   324

(3) prop:certdeg hypotheses as Khat -> 0 (nu=0.417, NX=12, N=28):
    (a) neut -> 0? (excited-mode neutrality)   (b) coup >= c0 > 0?
  Khat      l1c        gap       neut       coup  G(phi2)
  0.02   0.6145   4.24e-02  8.830e-02  1.889e-03    0.021
  0.05   0.6177   4.26e-02  9.019e-02  1.054e-03    0.012
  0.10   0.6288   4.36e-02  9.333e-02  2.567e-04    0.003
  0.20   0.6688   4.71e-02  1.008e-01  2.629e-02    0.261
  0.30   0.7284   4.93e-02  1.070e-01  6.455e-03    0.060
