==============================================================================
Reduced quintic d (6th-order LS) on the graded cell; ass:subcrit needs d>0
d = d_frozen + d5 + d4 + d3 + dpsi3;  dpsi3 <= 0 always (mirror of fbsign)
==============================================================================

(1) Rectangle sweep (grid of section D: NX=10, N=24, linear grading)
     nu   Khat         b  |b_chk|          d   d_frozen        d5        d4        d3     dpsi3    w_L^2  sign
  0.250   0.10   -0.1124  1.0e-13    -0.3803    -0.0037     0.063     0.465    -0.030    -0.875  -0.1478  d<0
  0.250   0.20   -0.1007  8.1e-14    -0.3874    -0.0079     0.103     0.642    -0.126    -0.998  -0.1300  d<0
  0.250   0.30   -0.1332  1.1e-14    -0.9774    -0.0156     0.174     0.994    -0.453    -1.677  -0.0682  d<0
  0.333   0.10   -0.1269  1.8e-13    -0.4157    -0.0065     0.078     0.715    -0.081    -1.122  -0.1527  d<0
  0.333   0.20   -0.1143  4.3e-14    -0.4849    -0.0128     0.130     1.043    -0.269    -1.375  -0.1178  d<0
  0.333   0.30   -0.1745  2.2e-14    -1.8422    -0.0233     0.230     2.113    -0.937    -3.224  -0.0474  d<0
  0.417   0.10   -0.1522  9.3e-13    -0.5661    -0.0128     0.105     1.421    -0.231    -1.848  -0.1344  d<0
  0.417   0.20   -0.1464  6.2e-14    -0.8673    -0.0228     0.178     2.381    -0.724    -2.679  -0.0844  d<0
  0.417   0.30   -0.2452  1.8e-14    -4.1614    -0.0383     0.320     5.876    -2.499    -7.820  -0.0295  d<0
  0.455   0.10   -0.1796  1.1e-14    -0.8081    -0.0228     0.143     2.667    -0.510    -3.085  -0.1111  d<0
  0.455   0.20   -0.1778  1.7e-14    -1.4461    -0.0366     0.234     4.675    -1.492    -4.826  -0.0615  d<0
  0.455   0.30   -0.2979  2.9e-14    -6.6279    -0.0565     0.401    11.978    -4.859   -14.091  -0.0225  d<0

(2) Resolution study (nu=0.417, Khat=0.15)
  NX    N        gap         b          d   d_frozen     dpsi3    w_L^2
  10   24   5.83e-02   -0.1638    -0.7830    -0.0175    -2.523  -0.1046
  12   28   4.53e-02   -0.0771    -0.4634    -0.0049    -1.123  -0.0832
  14   32   3.51e-02   -0.0320    -0.2889    -0.0017    -0.501  -0.0554
  16   36   2.81e-02   -0.0131    -0.1327    -0.0007    -0.196  -0.0493
